{
  "RSpec": {
    "coverage": {
      "/home/shad/RoR/hospital_reservations/app/models/user.rb": [
        1,
        null,
        null,
        1,
        null,
        1,
        1,
        1,
        1,
        1,
        1,
        null,
        1,
        15,
        null,
        15,
        null,
        15,
        null,
        null,
        1,
        4,
        null,
        null,
        1,
        10,
        null,
        null,
        1,
        12,
        null,
        null,
        1,
        12,
        null,
        null,
        1,
        9,
        null,
        null,
        1,
        5,
        null,
        null
      ],
      "/home/shad/RoR/hospital_reservations/app/models/application_record.rb": [
        1,
        1,
        null
      ],
      "/home/shad/RoR/hospital_reservations/app/helpers/application_helper.rb": [
        1,
        null
      ],
      "/home/shad/RoR/hospital_reservations/app/controllers/addresses_controller.rb": [
        1,
        1,
        null,
        1,
        1,
        null,
        null,
        1,
        1,
        null,
        null,
        1,
        2,
        2,
        2,
        1,
        null,
        1,
        null,
        null,
        null,
        1,
        0,
        null,
        null,
        1,
        4,
        4,
        3,
        null,
        1,
        null,
        null,
        null,
        1,
        1,
        1,
        1,
        null,
        null,
        1,
        null,
        1,
        6,
        null,
        null,
        null
      ],
      "/home/shad/RoR/hospital_reservations/app/controllers/application_controller.rb": [
        1,
        1,
        null,
        1,
        null,
        1,
        0,
        null,
        null,
        null,
        1,
        0,
        12,
        null,
        null,
        1,
        0,
        9,
        null,
        null,
        1,
        0,
        5,
        null,
        null
      ],
      "/home/shad/RoR/hospital_reservations/app/controllers/admin/bills_controller.rb": [
        1,
        1,
        1,
        null,
        1,
        3,
        2,
        null,
        1,
        null,
        null,
        null,
        1,
        1,
        null,
        null,
        1,
        1,
        1,
        3,
        null,
        null,
        null,
        1,
        3,
        3,
        3,
        3,
        3,
        3,
        3,
        2,
        null,
        1,
        null,
        null,
        null,
        1,
        null,
        1,
        3,
        null,
        null,
        null,
        null
      ],
      "/home/shad/RoR/hospital_reservations/app/controllers/admin/reservations_controller.rb": [
        1,
        1,
        1,
        1,
        2,
        1,
        null,
        1,
        null,
        null,
        null,
        1,
        1,
        null,
        null,
        1,
        1,
        1,
        1,
        null,
        null
      ],
      "/home/shad/RoR/hospital_reservations/app/controllers/bills_controller.rb": [
        1,
        1,
        1,
        null,
        1,
        1,
        null,
        null,
        1,
        1,
        null,
        null,
        1,
        1,
        1,
        1,
        null,
        null
      ],
      "/home/shad/RoR/hospital_reservations/app/controllers/reservations_controller.rb": [
        1,
        1,
        1,
        null,
        1,
        1,
        4,
        3,
        null,
        1,
        null,
        null,
        null,
        1,
        1,
        null,
        null,
        1,
        2,
        2,
        null,
        null,
        1,
        3,
        3,
        3,
        2,
        null,
        1,
        1,
        null,
        null,
        null,
        1,
        0,
        0,
        null,
        null,
        1,
        4,
        4,
        4,
        3,
        null,
        1,
        null,
        null,
        null,
        1,
        1,
        1,
        1,
        null,
        null,
        1,
        2,
        2,
        null,
        null,
        1,
        2,
        2,
        2,
        2,
        null,
        null,
        1,
        2,
        2,
        6,
        null,
        null,
        null,
        1,
        3,
        3,
        3,
        3,
        3,
        2,
        null,
        1,
        null,
        null,
        null,
        1,
        null,
        1,
        12,
        null,
        null,
        null,
        null,
        null
      ],
      "/home/shad/RoR/hospital_reservations/app/models/address.rb": [
        1,
        1,
        1,
        null
      ],
      "/home/shad/RoR/hospital_reservations/app/models/bill.rb": [
        1,
        1,
        1,
        1,
        1,
        1,
        1,
        null,
        1,
        7,
        null,
        null,
        1,
        4,
        null,
        null,
        1,
        1,
        null,
        null,
        1,
        1,
        null,
        null,
        1,
        3,
        null,
        null,
        1,
        5,
        null,
        null
      ],
      "/home/shad/RoR/hospital_reservations/app/models/prescription.rb": [
        1,
        1,
        1,
        1,
        1,
        null
      ],
      "/home/shad/RoR/hospital_reservations/app/models/reservation.rb": [
        1,
        1,
        1,
        1,
        1,
        1,
        1,
        1,
        null,
        1,
        2,
        null,
        null,
        1,
        null,
        null,
        4,
        null,
        null,
        1,
        null,
        null,
        1,
        null,
        null,
        1,
        null,
        null,
        1,
        null,
        null,
        1,
        5,
        null,
        null,
        1,
        4,
        9,
        null,
        null,
        1,
        182,
        null,
        null,
        1,
        null,
        2,
        2,
        null,
        null,
        1,
        9,
        null,
        null,
        1,
        6,
        6,
        null,
        null,
        1,
        1,
        null,
        null,
        1,
        1162,
        null,
        null,
        1,
        2,
        null,
        null,
        1,
        5,
        null,
        null,
        1,
        18,
        null,
        null,
        null,
        null,
        null,
        null
      ],
      "/home/shad/RoR/hospital_reservations/app/models/bill_item.rb": [
        1,
        1,
        1,
        null
      ],
      "/home/shad/RoR/hospital_reservations/app/jobs/application_job.rb": [
        0,
        0
      ],
      "/home/shad/RoR/hospital_reservations/app/channels/application_cable/connection.rb": [
        0,
        0,
        0,
        0
      ],
      "/home/shad/RoR/hospital_reservations/app/channels/application_cable/channel.rb": [
        0,
        0,
        0,
        0
      ],
      "/home/shad/RoR/hospital_reservations/app/mailers/application_mailer.rb": [
        0,
        0,
        0,
        0
      ],
      "/home/shad/RoR/hospital_reservations/app/controllers/prescriptions_controller.rb": [
        0,
        0,
        0,
        0,
        0,
        0,
        0
      ]
    },
    "timestamp": 1539014319
  }
}
